ERROR:root:Ошибка: could not convert string to float: 'dfgsfd'. Введены некорректные данные.
ERROR:root:Ошибка: could not convert string to float: 'dsfsd'. Введены некорректные данные.
ERROR:root:Ошибка: could not convert string to float: 'xgdfhg'. Введены некорректные данные.
ERROR:root:Ошибка: could not convert string to float: 'а'. Введены некорректные данные.
ERROR:root:Ошибка: could not convert string to float: '!'. Введены некорректные данные.
ERROR:root:Error parsing input
ERROR:root:Error parsing input
ERROR:root:Error parsing input
ERROR:root:Error parsing input
ERROR:root:Введены некоректные числа
ERROR:root:Ошибка: could not convert string to float: 'f'.
ERROR:root:Ошибка: Введены некорректные данные.
ERROR:root:Ошибка: Введены некорректные данные.
ERROR:root:Ошибка: Введены некорректные данные.
2024-06-28 00:12:40 - ERROR - Ошибка: неверный ввод данных
2024-06-28 00:13:27 - ERROR - Ошибка: неверный ввод данных
2024-06-28 00:15:02 - ERROR - Ошибка: список пустой
2024-06-28 00:15:21 - ERROR - Ошибка: неверный ввод данных
2024-06-28 00:15:29 - ERROR - Ошибка: неверный ввод данных
2024-06-28 00:18:39 - ERROR - Ошибка: неверный ввод данных
2024-06-28 00:18:47 - ERROR - Ошибка: список пустой
2024-06-28 00:21:11 - ERROR - Ошибка: неверный ввод данных
2024-06-28 00:21:28 - ERROR - Ошибка: неверный ввод данных
2024-06-28 00:22:09 - ERROR - Ошибка: неверный ввод данных
2024-06-28 00:22:18 - ERROR - Ошибка: неверный ввод данных
2024-06-28 00:22:54 - ERROR - Ошибка: неверный ввод данных
2024-06-28 00:23:10 - ERROR - Ошибка: неверный ввод данных
2024-06-28 00:23:18 - ERROR - Ошибка: неверный ввод данных
2024-06-28 00:24:36 - ERROR - Ошибка: неверный ввод данных
2024-06-28 00:24:48 - ERROR - Ошибка: неверный ввод данных
2024-06-28 00:28:54 - ERROR - Ошибка ввода: could not convert string to float: '1 2 3'
2024-06-28 00:29:28 - ERROR - Ошибка ввода: could not convert string to float: '"jsksdfj"'
2024-06-28 00:30:26 - ERROR - Ошибка: неверный ввод данных
2024-06-28 00:30:38 - ERROR - Ошибка: список пустой
